Evaluating ./input-a/instances/ex4-n5_1.thop ./input-a/solutions/ex4-n5_a.thop.sol
Profit: 60
Time: 8

Evaluating ./input-a/instances/ex4-n5_1.thop ./input-a/solutions/ex4-n5_b.thop.sol
Profit: 60
Time: 8

Evaluating ./input-a/instances/ex4-n5_1.thop ./input-a/solutions/ex4-n5_c.thop.sol
Profit: 100
Time: 0

Evaluating ./input-a/instances/ex4-n5_1.thop ./input-a/solutions/ex4-n5_d.thop.sol
Profit: 80
Time: 0

Evaluating ./input-a/instances/ex4-n5_1.thop ./input-a/solutions/ex4-n5_e.thop.sol
Profit: 40
Time: 0

Evaluating ./input-a/instances/ex4-n5_1.thop ./input-a/solutions/ex4-n5_f.thop.sol
Profit: 60
Time: 25.5

Evaluating ./input-a/instances/ex4-n5_2.thop ./input-a/solutions/ex4-n5_a.thop.sol
Profit: 60
Time: 8

Evaluating ./input-a/instances/ex4-n5_2.thop ./input-a/solutions/ex4-n5_d.thop.sol
Profit: 80
Time: 0

Evaluating ./input-a/instances/ex4-n5_3.thop ./input-a/solutions/ex4-n5_a.thop.sol
Profit: 60
Time: 8

Evaluating ./input-a/instances/ex4-n5_3.thop ./input-a/solutions/ex4-n5_b.thop.sol
Profit: 60
Time: 8

Evaluating ./input-a/instances/ex4-n5_3.thop ./input-a/solutions/ex4-n5_c.thop.sol
Profit: 100
Time: 0

Evaluating ./input-a/instances/ex4-n5_3.thop ./input-a/solutions/ex4-n5_d.thop.sol
Profit: 80
Time: 0

Evaluating ./input-b/instances/eil51-thop/eil51_n147_bounded-strongly-corr_01_01.thop ./input-b/solutions/eil51-thop/eil51_n147_bounded-strongly-corr_01_01.thop.sol
Profit: 14851
Time: 100.09863957369515

Evaluating ./input-b/instances/eil51-thop/eil51_n147_bounded-strongly-corr_01_02.thop ./input-b/solutions/eil51-thop/eil51_n147_bounded-strongly-corr_01_02.thop.sol
Profit: 14280
Time: 227.6690282240754

Evaluating ./input-b/instances/eil51-thop/eil51_n147_bounded-strongly-corr_01_03.thop ./input-b/solutions/eil51-thop/eil51_n147_bounded-strongly-corr_01_03.thop.sol
Profit: 15311
Time: 257.09765127566385

Evaluating ./input-b/instances/eil51-thop/eil51_n147_bounded-strongly-corr_05_01.thop ./input-b/solutions/eil51-thop/eil51_n147_bounded-strongly-corr_05_01.thop.sol
Profit: 31614
Time: 259.2266632358753

Evaluating ./input-b/instances/eil51-thop/eil51_n147_bounded-strongly-corr_05_02.thop ./input-b/solutions/eil51-thop/eil51_n147_bounded-strongly-corr_05_02.thop.sol
Profit: 42400
Time: 371.590384683067

Evaluating ./input-b/instances/eil51-thop/eil51_n147_bounded-strongly-corr_05_03.thop ./input-b/solutions/eil51-thop/eil51_n147_bounded-strongly-corr_05_03.thop.sol
Profit: 43946
Time: 501.94510631054

Evaluating ./input-b/instances/eil51-thop/eil51_n490_uncorr-similar-weights_05_01.thop ./input-b/solutions/eil51-thop/eil51_n490_uncorr-similar-weights_05_01.thop.sol
Profit: 50511
Time: 304.2764528265801

Evaluating ./input-b/instances/eil51-thop/eil51_n490_uncorr-similar-weights_05_02.thop ./input-b/solutions/eil51-thop/eil51_n490_uncorr-similar-weights_05_02.thop.sol
Profit: 61164
Time: 460.7375066306758

Evaluating ./input-b/instances/eil51-thop/eil51_n490_uncorr-similar-weights_05_03.thop ./input-b/solutions/eil51-thop/eil51_n490_uncorr-similar-weights_05_03.thop.sol
Profit: 75055
Time: 627.5443041958537

Evaluating ./input-b/instances/a280-thop/a280_n278_bounded-strongly-corr_01_01.thop ./input-b/solutions/a280-thop/a280_n278_bounded-strongly-corr_01_01.thop.sol
Profit: 18719
Time: 1131.6124480375902

Evaluating ./input-b/instances/a280-thop/a280_n278_bounded-strongly-corr_05_01.thop ./input-b/solutions/a280-thop/a280_n278_bounded-strongly-corr_05_01.thop.sol
Profit: 30565
Time: 1671.9471052245694

Evaluating ./input-b/instances/a280-thop/a280_n278_bounded-strongly-corr_10_01.thop ./input-b/solutions/a280-thop/a280_n278_bounded-strongly-corr_10_01.thop.sol
Profit: 39925
Time: 1814.4633108058104

Evaluating ./input-b/instances/a280-thop/a280_n2780_bounded-strongly-corr_10_03.thop ./input-b/solutions/a280-thop/a280_n2780_bounded-strongly-corr_10_03.thop.sol
Profit: 296210
Time: 3913.7542461009243

Evaluating ./input-b/instances/a280-thop/a280_n2780_uncorr_10_03.thop ./input-b/solutions/a280-thop/a280_n2780_uncorr_10_03.thop.sol
Profit: 140163
Time: 3905.3093290593024

Evaluating ./input-b/instances/a280-thop/a280_n2780_uncorr-similar-weights_10_03.thop ./input-b/solutions/a280-thop/a280_n2780_uncorr-similar-weights_10_03.thop.sol
Profit: 150116
Time: 4061.295814690432

Evaluating ./input-b/instances/dsj1000-thop/dsj1000_n998_bounded-strongly-corr_01_01.thop ./input-b/solutions/dsj1000-thop/dsj1000_n998_bounded-strongly-corr_01_01.thop.sol
Profit: 109925
Time: 166562160.33780724

Evaluating ./input-b/instances/dsj1000-thop/dsj1000_n998_uncorr_01_01.thop ./input-b/solutions/dsj1000-thop/dsj1000_n998_uncorr_01_01.thop.sol
Profit: 56585
Time: 149916005.1892973

Evaluating ./input-b/instances/dsj1000-thop/dsj1000_n998_uncorr-similar-weights_01_01.thop ./input-b/solutions/dsj1000-thop/dsj1000_n998_uncorr-similar-weights_01_01.thop.sol
Profit: 47644
Time: 69355378.27888389

