printing profit
12070
13196
14084
29330
35719
43629
34621
50528
56185
1970
1970
2688
7738
10006
11747
9281
11955
15127
3834
3835
4772
14334
17455
19889
16286
19889
23606
16006
21689
25428
33831
43629
56185
37471
52969
58813
3107
3814
4288
7752
10972
11822
9231
11822
14049
4772
6075
7486
15961
19007
23449
16998
21541
23606
4548
4548
4953
12456
20388
23366
26314
31083
37235
1721
2588
2588
5934
6883
9216
10014
12548
14650
1827
1827
2517
6075
8504
9715
11109
15334
17045
27212
32659
37471
35497
52525
58813
37471
56185
58813
6568
8099
8985
9397
11576
13803
9397
12385
13803
6075
11109
13721
17045
22186
23606
17455
22434
23606
7166
8746
8746
28917
38812
44964
50049
70099
81961
1672
2194
2899
12527
17738
20278
20278
28513
32394
1263
2567
3441
12076
16692
19093
19706
28111
35167
40675
67663
82658
75662
112390
123406
86557
123406
123406
9575
14517
18352
18352
27239
32008
19617
29293
32008
14625
22898
29032
33257
51443
54252
33257
54252
54252
18871
24844
28731
65923
87285
105715
75662
112390
123406
4521
5512
5961
13500
20620
24789
18083
25065
34445
5335
8809
9904
26362
36705
44806
29816
44416
54252
26682
37200
45075
71201
101772
123406
82658
119928
123406
5372
7744
8250
16293
23608
29293
18352
27029
33432
9454
13114
16452
29816
43596
54252
32670
49385
54252
103959
116292
135899
216267
293887
361448
222937
332172
361448
26700
30065
31488
46096
66492
82963
50434
75072
88989
35283
44560
51955
78986
113999
139667
82444
131684
139667
27798
32110
32110
111322
141167
146346
146346
206446
231298
14515
16818
16818
40289
50017
54371
54371
69226
80762
6718
7201
7302
43003
52924
58351
60859
78986
94778
146897
185860
216267
229859
349229
361448
224208
345640
361448
37656
43950
48969
48408
72808
86174
49390
78881
86174
46085
64539
78910
85602
135504
139667
85602
136092
139667
76883
86042
86809
157389
222937
268194
215049
296739
360532
21364
21777
21777
46468
58548
72361
51008
74510
95740
24865
29979
34081
73378
101407
122090
74120
110461
139667
282808
307700
307912
716232
866418
973195
800946
1010103
1238343
80186
81308
81308
192742
240332
271736
228804
278577
355537
84962
122022
134792
311535
369622
451791
321399
412657
498080
426736
487523
513127
769650
964989
1225077
844487
1091438
1240817
122365
124555
124627
201818
255542
305342
228506
291052
341338
155335
185670
202862
330596
413977
498080
348445
451791
498080
106226
106226
106226
453691
496054
525267
616700
720178
815303
47526
47526
47526
185966
204170
211368
247055
291805
338192
42475
42475
42475
185670
208379
219087
256395
301420
344615
677885
788305
871045
917082
1240817
1240817
878536
1225077
1240817
165120
189531
204467
224370
283659
328780
224370
290732
328780
220938
274583
304175
360968
491661
498080
364687
497915
498080

printing time
201.25859740327707
307.2924054254343
399.0193766328314
288.5393469387229
439.85441187492074
597.4746253641473
343.8878788086766
506.07666654540947
616.1840351776526
203.5477089917012
203.5477089917012
378.93443721577495
275.15185888654224
408.7341047802738
526.3095737052183
311.59674383645773
479.0923831497895
648.2272383597381
125.00354621472749
149.53755808711995
208.24079963933193
318.4774240049338
454.0846696280216
641.1375179955118
341.79600448833986
499.3170985038733
681.4498053657358
225.9967124289982
371.3920573832343
482.6708266729638
322.64980491533225
475.3069378190665
631.848293111814
351.8238962714543
515.3079849967118
614.4188246438094
237.9613702455416
363.1739287003671
510.64385680724354
289.67761808418425
413.29525464835893
564.6426598759913
306.3453130641748
477.0948055471469
641.0519506990603
144.9447905778082
225.22961080652172
309.8306681139927
325.23131207133247
496.9343304479593
636.8328808273043
336.0696950181227
507.11319230481735
616.197742983223
157.76517744205967
157.76517744205967
313.42295392479974
200.87784053404857
361.64295296824963
478.78282056735407
338.7881822626392
496.48350031469704
622.3060182351044
118.8147099491161
293.48153978451967
374.3289974116383
212.3683379429635
323.4164513343251
457.64764701220884
267.2243939541515
372.2243200887233
515.528541701889
66.81163649589713
66.81163649589713
119.18910150176845
225.1865756748208
344.4019689088991
449.0809287142275
281.06136048213983
423.97782897729087
570.1202013983584
281.73158822799104
412.5572324735263
563.9532844743782
335.0684751185867
506.698915988036
616.0914551160828
338.5478346908775
518.91821709691
576.6010324347054
308.2775957359395
469.6416492409294
619.189892677423
331.00431351687956
478.1639792158085
642.8674643785151
314.4857492004058
487.1815305859965
587.5932492742793
169.63818571497475
281.0977158125722
367.1822469780439
343.14035557529644
516.9956773688451
616.1992508508803
339.1090257226341
504.65505237800716
576.665980809289
24657.257699837515
36436.53257079177
36436.53257079177
27943.75617600926
41811.24962063396
55253.306073809654
31665.504049501513
47728.36814206693
61648.9684219558
20569.327458148928
28715.628575595576
36801.120125723675
25914.224001055656
38540.72712136383
48574.61682970499
27307.053162340388
42558.16396212849
56769.58147772462
13225.79953951551
20446.930038467275
24727.956401544907
27504.409101325597
41180.74730964832
52466.48019613487
28039.924839592582
43011.92678086489
57851.23549004309
25862.294176343836
39240.16017714638
53511.09975727344
31021.44858833508
45189.87966067831
51518.35509182428
33244.924470347956
48232.985283638875
48232.985283638875
29532.835687804778
43686.26729561713
58256.00829434811
29803.799831426295
46701.72342700281
53651.146170888205
30672.736521826744
45656.48372298469
49101.50184866711
22143.143529082416
33234.156678261315
43688.60692400133
32296.276881140646
49867.7508499072
51374.15210332421
30983.904789089414
48173.58367642747
48173.58367642747
24065.144640514205
36092.74024134693
48480.66351120488
30408.299046746568
45639.6097039662
60441.00258941576
32669.594137085158
48779.36882374673
56303.72714453776
24913.791806690722
37813.035318473056
45419.58940017531
29408.3440019613
44483.911471329804
59346.614991447044
30246.5228533384
43907.492929710585
60535.839364214786
17558.265732041
26029.891011879467
35651.32091824576
31145.523855165407
46205.26451376071
62631.41591098356
30777.265808232703
47252.28860798791
56647.87697227402
25018.02417321832
37354.68051611667
50160.753926537116
31206.02494463022
46645.32272049523
60280.815102868444
32336.275632342324
50009.006222952965
51499.51841372268
27237.116777592084
40091.99405179028
50962.520295662835
29839.96904497116
46066.0550591104
60873.43104740545
29827.46373015467
45937.62175237578
53711.81926674485
19956.595365746838
28884.07523835975
38812.53317542623
31687.986325908936
47208.02978428477
59878.20513899233
31834.45052484012
47627.68014338723
51373.93638635022
1527.9988314267903
2227.9657655410465
3061.745381336228
2157.8812541369293
3243.5232286515043
4338.0670528710225
2142.529184285559
3223.401368628467
3612.742416227552
1898.9339319442252
2851.358995466656
3866.738384868507
1993.2450291800194
2947.3480948008364
3979.93818164905
2001.7793501892736
2986.919746302555
3691.1425591777975
1266.9888462761196
1895.9138100599746
2538.3967400876973
2164.268074322552
3242.401720318858
4101.689839595432
2155.8282706456007
3245.471617526911
3539.202947940763
1190.4552518893338
1931.2051828579267
2525.232519392836
1997.8827405311722
2623.2749935002516
3949.5484137284034
1949.8851485750793
2888.9426192758933
3892.1625606610514
1288.6008859180706
1771.366043918667
2925.965078431239
1649.0490222437493
2503.1864015226192
3037.9778138171823
1714.9218836759358
2698.267970472717
3597.4125219696825
767.8534079652909
1214.583183763144
1411.7359552967978
1741.6101210881598
2595.3535373571167
3433.334900506871
1971.0423048128591
2959.436303897539
3973.3386762123446
1672.776055875597
2499.1108636608456
3224.5552689394362
2271.302141760195
3421.1814717812176
3609.706497520802
2087.615675336192
3135.788875184717
3356.213190179245
2003.5766367897868
3031.4412397016367
3994.850869972407
2002.7200696877194
3007.3095698766924
3692.878939922361
1997.0569317149275
2970.1811111362204
3390.0052014162893
1442.3388250367175
2161.0031732330663
2860.92151125116
2246.9617074861476
3358.373993113986
3539.260133406867
2162.5214685949727
3244.814802512828
3327.1672266110895
1386.027771193544
2115.9849008350334
2247.9318862453315
1833.8921350416142
2732.6105657518715
3609.6600036242758
2075.525117019228
3098.735486698414
4023.339497101507
1671.948361543407
2545.7280964518804
2545.7280964518804
1958.884193951354
2952.911727445517
3893.9975574697983
1988.585329712052
2986.8090014669165
3941.3922449029187
1109.4859135264105
1658.5252577217097
2119.7263267643825
2116.6096265960855
3202.287318114346
4277.8509592796045
1972.7104017779595
2986.5778928911873
3888.1783060577886
9442495.922140455
11464236.213287834
16322560.315999554
14886121.295365203
22213216.38748675
29735172.085737724
15671572.860214196
23400435.2368822
30916546.48316632
11948446.850982819
13120630.068264555
13120630.068264555
13647896.30674835
20397518.258372646
27032625.838488963
14807814.22936579
22450525.40844346
29930247.907215945
5842168.148791776
8789568.71150473
11589490.622819187
17846408.546886776
25525788.695286393
35603858.110867925
15582915.221706515
23388827.786320638
30873977.645783115
10533944.75719851
15815784.601386365
20858484.470811125
15542469.232624637
23299759.627333783
30922349.156704046
15689372.70642755
23475988.148616683
28172446.597008057
13353469.57529301
15301307.379314413
26886098.86418157
14590453.961526074
21944234.628334403
29354512.82955671
15138134.53316227
22680538.6653419
29108125.662565287
7218471.700710224
10847376.401956115
14528648.954677163
16374892.669634048
24581301.95114267
32728560.279054683
15919291.720769973
24018634.68365744
27849282.226542443
29305134.70447498
29305134.70447498
29305134.70447498
12959567.664214117
19629028.50607962
26307353.540464494
14980768.798796095
22511866.503327474
29356948.70119288
48552840.5745323
48552840.5745323
48552840.5745323
11442855.348735128
17102306.99179361
22387891.064168274
13671994.542195879
20453320.880490243
27534189.369551823
8333539.734425994
8333539.734425994
8333539.734425994
10846396.595312007
16554734.321568986
21641025.376389094
13729186.751864035
20545763.480382968
27465470.170157935
16835850.644874044
25237624.12115466
33674879.33930278
18909657.177667905
28208429.263180528
28208429.263180528
15983867.025823586
24374971.326241996
26165960.491209034
16294628.450492714
23749973.496887434
32519150.62313453
15525707.078596698
23465667.265965614
29159972.65056024
14659001.491133936
22152676.640108436
26550930.87260608
10543356.419180024
16046182.621410213
21196715.057091586
17375635.125588875
26060561.367796384
27849281.351909116
16871409.20711923
25300940.047029268
26016892.36387591
